# JRE version: OpenJDK Runtime Environment (11.0.4+11) (build 11.0.4+11-post-Ubuntu-1ubuntu218.04.3)
# Java VM: OpenJDK 64-Bit Server VM (11.0.4+11-post-Ubuntu-1ubuntu218.04.3, mixed mode, sharing, tiered, compressed oops, serial gc, linux-amd64)
Heap:
 def new generation   total 250496K, used 27775K [0x0000000080000000, 0x0000000090fc0000, 0x00000000aaaa0000)
  eden space 222720K,  12% used [0x0000000080000000, 0x0000000081b1ffb8, 0x000000008d980000)
  from space 27776K,   0% used [0x000000008f4a0000, 0x000000008f4a0000, 0x0000000090fc0000)
  to   space 27776K,   0% used [0x000000008d980000, 0x000000008d980000, 0x000000008f4a0000)
 tenured generation   total 638808K, used 638675K [0x00000000aaaa0000, 0x00000000d1a76000, 0x0000000100000000)
   the space 638808K,  99% used [0x00000000aaaa0000, 0x00000000d1a54c70, 0x00000000d1a54e00, 0x00000000d1a76000)
 Metaspace       used 3848K, capacity 5241K, committed 5504K, reserved 1056768K
  class space    used 352K, capacity 563K, committed 640K, reserved 1048576K
GC Heap History (10 events):
Event: 79.432 GC heap after
{Heap after GC invocations=24 (full 7):
 def new generation   total 250496K, used 27775K [0x0000000080000000, 0x0000000090fc0000, 0x00000000aaaa0000)
  eden space 222720K,   0% used [0x0000000080000000, 0x0000000080000000, 0x000000008d980000)
  from space 27776K,  99% used [0x000000008d980000, 0x000000008f49fff8, 0x000000008f4a0000)
  to   space 27776K,   0% used [0x000000008f4a0000, 0x000000008f4a0000, 0x0000000090fc0000)
 tenured generation   total 556440K, used 449369K [0x00000000aaaa0000, 0x00000000cca06000, 0x0000000100000000)
   the space 556440K,  80% used [0x00000000aaaa0000, 0x00000000c6176418, 0x00000000c6176600, 0x00000000cca06000)
 Metaspace       used 3838K, capacity 5241K, committed 5504K, reserved 1056768K
  class space    used 352K, capacity 563K, committed 640K, reserved 1048576K
}
Event: 82.103 GC heap before
{Heap before GC invocations=24 (full 7):
 def new generation   total 250496K, used 250495K [0x0000000080000000, 0x0000000090fc0000, 0x00000000aaaa0000)
  eden space 222720K, 100% used [0x0000000080000000, 0x000000008d980000, 0x000000008d980000)
  from space 27776K,  99% used [0x000000008d980000, 0x000000008f49fff8, 0x000000008f4a0000)
  to   space 27776K,   0% used [0x000000008f4a0000, 0x000000008f4a0000, 0x0000000090fc0000)
 tenured generation   total 556440K, used 449369K [0x00000000aaaa0000, 0x00000000cca06000, 0x0000000100000000)
   the space 556440K,  80% used [0x00000000aaaa0000, 0x00000000c6176418, 0x00000000c6176600, 0x00000000cca06000)
 Metaspace       used 3847K, capacity 5241K, committed 5504K, reserved 1056768K
  class space    used 352K, capacity 563K, committed 640K, reserved 1048576K
}
Event: 83.094 GC heap after
{Heap after GC invocations=25 (full 7):
 def new generation   total 250496K, used 27776K [0x0000000080000000, 0x0000000090fc0000, 0x00000000aaaa0000)
  eden space 222720K,   0% used [0x0000000080000000, 0x0000000080000000, 0x000000008d980000)
  from space 27776K, 100% used [0x000000008f4a0000, 0x0000000090fc0000, 0x0000000090fc0000)
  to   space 27776K,   0% used [0x000000008d980000, 0x000000008d980000, 0x000000008f4a0000)
 tenured generation   total 556440K, used 545875K [0x00000000aaaa0000, 0x00000000cca06000, 0x0000000100000000)
   the space 556440K,  98% used [0x00000000aaaa0000, 0x00000000cbfb4d80, 0x00000000cbfb4e00, 0x00000000cca06000)
 Metaspace       used 3847K, capacity 5241K, committed 5504K, reserved 1056768K
  class space    used 352K, capacity 563K, committed 640K, reserved 1048576K
}
Event: 84.435 GC heap before
{Heap before GC invocations=25 (full 7):
 def new generation   total 250496K, used 250496K [0x0000000080000000, 0x0000000090fc0000, 0x00000000aaaa0000)
  eden space 222720K, 100% used [0x0000000080000000, 0x000000008d980000, 0x000000008d980000)
  from space 27776K, 100% used [0x000000008f4a0000, 0x0000000090fc0000, 0x0000000090fc0000)
  to   space 27776K,   0% used [0x000000008d980000, 0x000000008d980000, 0x000000008f4a0000)
 tenured generation   total 556440K, used 545875K [0x00000000aaaa0000, 0x00000000cca06000, 0x0000000100000000)
   the space 556440K,  98% used [0x00000000aaaa0000, 0x00000000cbfb4d80, 0x00000000cbfb4e00, 0x00000000cca06000)
 Metaspace       used 3847K, capacity 5241K, committed 5504K, reserved 1056768K
  class space    used 352K, capacity 563K, committed 640K, reserved 1048576K
}
Event: 87.679 GC heap after
{Heap after GC invocations=26 (full 8):
 def new generation   total 250496K, used 0K [0x0000000080000000, 0x0000000090fc0000, 0x00000000aaaa0000)
  eden space 222720K,   0% used [0x0000000080000000, 0x0000000080000000, 0x000000008d980000)
  from space 27776K,   0% used [0x000000008d980000, 0x000000008d980000, 0x000000008f4a0000)
  to   space 27776K,   0% used [0x000000008f4a0000, 0x000000008f4a0000, 0x0000000090fc0000)
 tenured generation   total 556440K, used 270937K [0x00000000aaaa0000, 0x00000000cca06000, 0x0000000100000000)
   the space 556440K,  48% used [0x00000000aaaa0000, 0x00000000bb336438, 0x00000000bb336600, 0x00000000cca06000)
 Metaspace       used 3847K, capacity 5241K, committed 5504K, reserved 1056768K
  class space    used 352K, capacity 563K, committed 640K, reserved 1048576K
}
Event: 88.913 GC heap before
{Heap before GC invocations=26 (full 8):
 def new generation   total 250496K, used 222720K [0x0000000080000000, 0x0000000090fc0000, 0x00000000aaaa0000)
  eden space 222720K, 100% used [0x0000000080000000, 0x000000008d980000, 0x000000008d980000)
  from space 27776K,   0% used [0x000000008d980000, 0x000000008d980000, 0x000000008f4a0000)
  to   space 27776K,   0% used [0x000000008f4a0000, 0x000000008f4a0000, 0x0000000090fc0000)
 tenured generation   total 556440K, used 270937K [0x00000000aaaa0000, 0x00000000cca06000, 0x0000000100000000)
   the space 556440K,  48% used [0x00000000aaaa0000, 0x00000000bb336438, 0x00000000bb336600, 0x00000000cca06000)
 Metaspace       used 3848K, capacity 5241K, committed 5504K, reserved 1056768K
  class space    used 352K, capacity 563K, committed 640K, reserved 1048576K
}
Event: 89.726 GC heap after
{Heap after GC invocations=27 (full 8):
 def new generation   total 250496K, used 27776K [0x0000000080000000, 0x0000000090fc0000, 0x00000000aaaa0000)
  eden space 222720K,   0% used [0x0000000080000000, 0x0000000080000000, 0x000000008d980000)
  from space 27776K, 100% used [0x000000008f4a0000, 0x0000000090fc0000, 0x0000000090fc0000)
  to   space 27776K,   0% used [0x000000008d980000, 0x000000008d980000, 0x000000008f4a0000)
 tenured generation   total 556440K, used 331061K [0x00000000aaaa0000, 0x00000000cca06000, 0x0000000100000000)
   the space 556440K,  59% used [0x00000000aaaa0000, 0x00000000beded6e8, 0x00000000beded800, 0x00000000cca06000)
 Metaspace       used 3848K, capacity 5241K, committed 5504K, reserved 1056768K
  class space    used 352K, capacity 563K, committed 640K, reserved 1048576K
}
Event: 91.366 GC heap before
{Heap before GC invocations=27 (full 8):
 def new generation   total 250496K, used 250496K [0x0000000080000000, 0x0000000090fc0000, 0x00000000aaaa0000)
  eden space 222720K, 100% used [0x0000000080000000, 0x000000008d980000, 0x000000008d980000)
  from space 27776K, 100% used [0x000000008f4a0000, 0x0000000090fc0000, 0x0000000090fc0000)
  to   space 27776K,   0% used [0x000000008d980000, 0x000000008d980000, 0x000000008f4a0000)
 tenured generation   total 556440K, used 331061K [0x00000000aaaa0000, 0x00000000cca06000, 0x0000000100000000)
   the space 556440K,  59% used [0x00000000aaaa0000, 0x00000000beded6e8, 0x00000000beded800, 0x00000000cca06000)
 Metaspace       used 3848K, capacity 5241K, committed 5504K, reserved 1056768K
  class space    used 352K, capacity 563K, committed 640K, reserved 1048576K
}
Event: 92.141 GC heap after
{Heap after GC invocations=28 (full 8):
 def new generation   total 250496K, used 27776K [0x0000000080000000, 0x0000000090fc0000, 0x00000000aaaa0000)
  eden space 222720K,   0% used [0x0000000080000000, 0x0000000080000000, 0x000000008d980000)
  from space 27776K, 100% used [0x000000008d980000, 0x000000008f4a0000, 0x000000008f4a0000)
  to   space 27776K,   0% used [0x000000008f4a0000, 0x000000008f4a0000, 0x0000000090fc0000)
 tenured generation   total 556440K, used 431812K [0x00000000aaaa0000, 0x00000000cca06000, 0x0000000100000000)
   the space 556440K,  77% used [0x00000000aaaa0000, 0x00000000c5051260, 0x00000000c5051400, 0x00000000cca06000)
 Metaspace       used 3848K, capacity 5241K, committed 5504K, reserved 1056768K
  class space    used 352K, capacity 563K, committed 640K, reserved 1048576K
}
Event: 92.779 GC heap before
{Heap before GC invocations=28 (full 8):
 def new generation   total 250496K, used 250496K [0x0000000080000000, 0x0000000090fc0000, 0x00000000aaaa0000)
  eden space 222720K, 100% used [0x0000000080000000, 0x000000008d980000, 0x000000008d980000)
  from space 27776K, 100% used [0x000000008d980000, 0x000000008f4a0000, 0x000000008f4a0000)
  to   space 27776K,   0% used [0x000000008f4a0000, 0x000000008f4a0000, 0x0000000090fc0000)
 tenured generation   total 556440K, used 431812K [0x00000000aaaa0000, 0x00000000cca06000, 0x0000000100000000)
   the space 556440K,  77% used [0x00000000aaaa0000, 0x00000000c5051260, 0x00000000c5051400, 0x00000000cca06000)
 Metaspace       used 3848K, capacity 5241K, committed 5504K, reserved 1056768K
  class space    used 352K, capacity 563K, committed 640K, reserved 1048576K
}

