# JRE version: OpenJDK Runtime Environment (11.0.4+11) (build 11.0.4+11-post-Ubuntu-1ubuntu218.04.3)
# Java VM: OpenJDK 64-Bit Server VM (11.0.4+11-post-Ubuntu-1ubuntu218.04.3, mixed mode, sharing, tiered, compressed oops, serial gc, linux-amd64)
Heap:
 def new generation   total 511680K, used 56766K [0x0000000080000000, 0x00000000a2b30000, 0x00000000aaaa0000)
  eden space 454848K,  12% used [0x0000000080000000, 0x000000008376f830, 0x000000009bc30000)
  from space 56832K,   0% used [0x000000009f3b0000, 0x000000009f3b0000, 0x00000000a2b30000)
  to   space 56832K,   0% used [0x000000009bc30000, 0x000000009bc30000, 0x000000009f3b0000)
 tenured generation   total 1166356K, used 1166238K [0x00000000aaaa0000, 0x00000000f1da5000, 0x0000000100000000)
   the space 1166356K,  99% used [0x00000000aaaa0000, 0x00000000f1d87a08, 0x00000000f1d87c00, 0x00000000f1da5000)
 Metaspace       used 3227K, capacity 5044K, committed 5248K, reserved 1056768K
  class space    used 306K, capacity 554K, committed 640K, reserved 1048576K
GC Heap History (10 events):
Event: 64.875 GC heap after
{Heap after GC invocations=51 (full 6):
 def new generation   total 511680K, used 56832K [0x0000000080000000, 0x00000000a2b30000, 0x00000000aaaa0000)
  eden space 454848K,   0% used [0x0000000080000000, 0x0000000080000000, 0x000000009bc30000)
  from space 56832K, 100% used [0x000000009bc30000, 0x000000009f3b0000, 0x000000009f3b0000)
  to   space 56832K,   0% used [0x000000009f3b0000, 0x000000009f3b0000, 0x00000000a2b30000)
 tenured generation   total 1136980K, used 802574K [0x00000000aaaa0000, 0x00000000f00f5000, 0x0000000100000000)
   the space 1136980K,  70% used [0x00000000aaaa0000, 0x00000000dba639f0, 0x00000000dba63a00, 0x00000000f00f5000)
 Metaspace       used 3226K, capacity 5044K, committed 5248K, reserved 1056768K
  class space    used 306K, capacity 554K, committed 640K, reserved 1048576K
}
Event: 65.876 GC heap before
{Heap before GC invocations=51 (full 6):
 def new generation   total 511680K, used 511680K [0x0000000080000000, 0x00000000a2b30000, 0x00000000aaaa0000)
  eden space 454848K, 100% used [0x0000000080000000, 0x000000009bc30000, 0x000000009bc30000)
  from space 56832K, 100% used [0x000000009bc30000, 0x000000009f3b0000, 0x000000009f3b0000)
  to   space 56832K,   0% used [0x000000009f3b0000, 0x000000009f3b0000, 0x00000000a2b30000)
 tenured generation   total 1136980K, used 802574K [0x00000000aaaa0000, 0x00000000f00f5000, 0x0000000100000000)
   the space 1136980K,  70% used [0x00000000aaaa0000, 0x00000000dba639f0, 0x00000000dba63a00, 0x00000000f00f5000)
 Metaspace       used 3226K, capacity 5044K, committed 5248K, reserved 1056768K
  class space    used 306K, capacity 554K, committed 640K, reserved 1048576K
}
Event: 73.358 GC heap after
{Heap after GC invocations=52 (full 6):
 def new generation   total 511680K, used 56832K [0x0000000080000000, 0x00000000a2b30000, 0x00000000aaaa0000)
  eden space 454848K,   0% used [0x0000000080000000, 0x0000000080000000, 0x000000009bc30000)
  from space 56832K, 100% used [0x000000009f3b0000, 0x00000000a2b30000, 0x00000000a2b30000)
  to   space 56832K,   0% used [0x000000009bc30000, 0x000000009bc30000, 0x000000009f3b0000)
 tenured generation   total 1136980K, used 876066K [0x00000000aaaa0000, 0x00000000f00f5000, 0x0000000100000000)
   the space 1136980K,  77% used [0x00000000aaaa0000, 0x00000000e0228a88, 0x00000000e0228c00, 0x00000000f00f5000)
 Metaspace       used 3226K, capacity 5044K, committed 5248K, reserved 1056768K
  class space    used 306K, capacity 554K, committed 640K, reserved 1048576K
}
Event: 74.987 GC heap before
{Heap before GC invocations=52 (full 6):
 def new generation   total 511680K, used 511680K [0x0000000080000000, 0x00000000a2b30000, 0x00000000aaaa0000)
  eden space 454848K, 100% used [0x0000000080000000, 0x000000009bc30000, 0x000000009bc30000)
  from space 56832K, 100% used [0x000000009f3b0000, 0x00000000a2b30000, 0x00000000a2b30000)
  to   space 56832K,   0% used [0x000000009bc30000, 0x000000009bc30000, 0x000000009f3b0000)
 tenured generation   total 1136980K, used 876066K [0x00000000aaaa0000, 0x00000000f00f5000, 0x0000000100000000)
   the space 1136980K,  77% used [0x00000000aaaa0000, 0x00000000e0228a88, 0x00000000e0228c00, 0x00000000f00f5000)
 Metaspace       used 3226K, capacity 5044K, committed 5248K, reserved 1056768K
  class space    used 306K, capacity 554K, committed 640K, reserved 1048576K
}
Event: 80.199 GC heap after
{Heap after GC invocations=53 (full 6):
 def new generation   total 511680K, used 56832K [0x0000000080000000, 0x00000000a2b30000, 0x00000000aaaa0000)
  eden space 454848K,   0% used [0x0000000080000000, 0x0000000080000000, 0x000000009bc30000)
  from space 56832K, 100% used [0x000000009bc30000, 0x000000009f3b0000, 0x000000009f3b0000)
  to   space 56832K,   0% used [0x000000009f3b0000, 0x000000009f3b0000, 0x00000000a2b30000)
 tenured generation   total 1136980K, used 946690K [0x00000000aaaa0000, 0x00000000f00f5000, 0x0000000100000000)
   the space 1136980K,  83% used [0x00000000aaaa0000, 0x00000000e4720a98, 0x00000000e4720c00, 0x00000000f00f5000)
 Metaspace       used 3226K, capacity 5044K, committed 5248K, reserved 1056768K
  class space    used 306K, capacity 554K, committed 640K, reserved 1048576K
}
Event: 80.875 GC heap before
{Heap before GC invocations=53 (full 6):
 def new generation   total 511680K, used 511680K [0x0000000080000000, 0x00000000a2b30000, 0x00000000aaaa0000)
  eden space 454848K, 100% used [0x0000000080000000, 0x000000009bc30000, 0x000000009bc30000)
  from space 56832K, 100% used [0x000000009bc30000, 0x000000009f3b0000, 0x000000009f3b0000)
  to   space 56832K,   0% used [0x000000009f3b0000, 0x000000009f3b0000, 0x00000000a2b30000)
 tenured generation   total 1136980K, used 946690K [0x00000000aaaa0000, 0x00000000f00f5000, 0x0000000100000000)
   the space 1136980K,  83% used [0x00000000aaaa0000, 0x00000000e4720a98, 0x00000000e4720c00, 0x00000000f00f5000)
 Metaspace       used 3226K, capacity 5044K, committed 5248K, reserved 1056768K
  class space    used 306K, capacity 554K, committed 640K, reserved 1048576K
}
Event: 92.454 GC heap after
{Heap after GC invocations=54 (full 6):
 def new generation   total 511680K, used 56832K [0x0000000080000000, 0x00000000a2b30000, 0x00000000aaaa0000)
  eden space 454848K,   0% used [0x0000000080000000, 0x0000000080000000, 0x000000009bc30000)
  from space 56832K, 100% used [0x000000009f3b0000, 0x00000000a2b30000, 0x00000000a2b30000)
  to   space 56832K,   0% used [0x000000009bc30000, 0x000000009bc30000, 0x000000009f3b0000)
 tenured generation   total 1136980K, used 1022921K [0x00000000aaaa0000, 0x00000000f00f5000, 0x0000000100000000)
   the space 1136980K,  89% used [0x00000000aaaa0000, 0x00000000e9192788, 0x00000000e9192800, 0x00000000f00f5000)
 Metaspace       used 3226K, capacity 5044K, committed 5248K, reserved 1056768K
  class space    used 306K, capacity 554K, committed 640K, reserved 1048576K
}
Event: 93.492 GC heap before
{Heap before GC invocations=54 (full 6):
 def new generation   total 511680K, used 511680K [0x0000000080000000, 0x00000000a2b30000, 0x00000000aaaa0000)
  eden space 454848K, 100% used [0x0000000080000000, 0x000000009bc30000, 0x000000009bc30000)
  from space 56832K, 100% used [0x000000009f3b0000, 0x00000000a2b30000, 0x00000000a2b30000)
  to   space 56832K,   0% used [0x000000009bc30000, 0x000000009bc30000, 0x000000009f3b0000)
 tenured generation   total 1136980K, used 1022921K [0x00000000aaaa0000, 0x00000000f00f5000, 0x0000000100000000)
   the space 1136980K,  89% used [0x00000000aaaa0000, 0x00000000e9192788, 0x00000000e9192800, 0x00000000f00f5000)
 Metaspace       used 3226K, capacity 5044K, committed 5248K, reserved 1056768K
  class space    used 306K, capacity 554K, committed 640K, reserved 1048576K
}
Event: 99.491 GC heap after
{Heap after GC invocations=55 (full 6):
 def new generation   total 511680K, used 56831K [0x0000000080000000, 0x00000000a2b30000, 0x00000000aaaa0000)
  eden space 454848K,   0% used [0x0000000080000000, 0x0000000080000000, 0x000000009bc30000)
  from space 56832K,  99% used [0x000000009bc30000, 0x000000009f3afff8, 0x000000009f3b0000)
  to   space 56832K,   0% used [0x000000009f3b0000, 0x000000009f3b0000, 0x00000000a2b30000)
 tenured generation   total 1136980K, used 1093443K [0x00000000aaaa0000, 0x00000000f00f5000, 0x0000000100000000)
   the space 1136980K,  96% used [0x00000000aaaa0000, 0x00000000ed670c30, 0x00000000ed670e00, 0x00000000f00f5000)
 Metaspace       used 3226K, capacity 5044K, committed 5248K, reserved 1056768K
  class space    used 306K, capacity 554K, committed 640K, reserved 1048576K
}
Event: 100.346 GC heap before
{Heap before GC invocations=55 (full 6):
 def new generation   total 511680K, used 511679K [0x0000000080000000, 0x00000000a2b30000, 0x00000000aaaa0000)
  eden space 454848K, 100% used [0x0000000080000000, 0x000000009bc30000, 0x000000009bc30000)
  from space 56832K,  99% used [0x000000009bc30000, 0x000000009f3afff8, 0x000000009f3b0000)
  to   space 56832K,   0% used [0x000000009f3b0000, 0x000000009f3b0000, 0x00000000a2b30000)
 tenured generation   total 1136980K, used 1093443K [0x00000000aaaa0000, 0x00000000f00f5000, 0x0000000100000000)
   the space 1136980K,  96% used [0x00000000aaaa0000, 0x00000000ed670c30, 0x00000000ed670e00, 0x00000000f00f5000)
 Metaspace       used 3227K, capacity 5044K, committed 5248K, reserved 1056768K
  class space    used 306K, capacity 554K, committed 640K, reserved 1048576K
}

